<?xml version="1.0" encoding="UTF-8"?>
<testng-results ignored="1" total="5" passed="3" failed="0" skipped="1">
  <reporter-output>
  </reporter-output>
  <suite started-at="2021-04-21T22:51:33 IST" name="Surefire suite" finished-at="2021-04-21T22:55:00 IST" duration-ms="206947">
    <groups>
    </groups>
    <test started-at="2021-04-21T22:51:33 IST" name="Surefire test" finished-at="2021-04-21T22:55:00 IST" duration-ms="206947">
      <class name="TestCases.LoginPageTest">
        <test-method signature="loginPageTest(java.util.Hashtable)[pri:1, instance:TestCases.LoginPageTest@21fd5faa]" started-at="2021-04-21T22:55:00 IST" name="loginPageTest" data-provider="dp" finished-at="2021-04-21T22:55:00 IST" duration-ms="0" status="SKIP">
          <exception class="java.lang.RuntimeException">
            <message>
              <![CDATA[java.lang.NegativeArraySizeException: -1]]>
            </message>
            <full-stacktrace>
              <![CDATA[java.lang.RuntimeException: java.lang.NegativeArraySizeException: -1
at org.testng.internal.MethodInvocationHelper.invokeMethodNoCheckedException(MethodInvocationHelper.java:49)
at org.testng.internal.MethodInvocationHelper.invokeDataProvider(MethodInvocationHelper.java:145)
at org.testng.internal.Parameters.handleParameters(Parameters.java:797)
at org.testng.internal.Parameters.handleParameters(Parameters.java:740)
at org.testng.internal.ParameterHandler.handleParameters(ParameterHandler.java:59)
at org.testng.internal.ParameterHandler.createParameters(ParameterHandler.java:38)
at org.testng.internal.TestInvoker$MethodInvocationAgent.invoke(TestInvoker.java:789)
at org.testng.internal.TestInvoker.invokeTestMethods(TestInvoker.java:147)
at org.testng.internal.TestMethodWorker.invokeTestMethods(TestMethodWorker.java:146)
at org.testng.internal.TestMethodWorker.run(TestMethodWorker.java:128)
at java.base/java.util.ArrayList.forEach(ArrayList.java:1511)
at org.testng.TestRunner.privateRun(TestRunner.java:764)
at org.testng.TestRunner.run(TestRunner.java:585)
at org.testng.SuiteRunner.runTest(SuiteRunner.java:384)
at org.testng.SuiteRunner.runSequentially(SuiteRunner.java:378)
at org.testng.SuiteRunner.privateRun(SuiteRunner.java:337)
at org.testng.SuiteRunner.run(SuiteRunner.java:286)
at org.testng.SuiteRunnerWorker.runSuite(SuiteRunnerWorker.java:53)
at org.testng.SuiteRunnerWorker.run(SuiteRunnerWorker.java:96)
at org.testng.TestNG.runSuitesSequentially(TestNG.java:1218)
at org.testng.TestNG.runSuitesLocally(TestNG.java:1140)
at org.testng.TestNG.runSuites(TestNG.java:1069)
at org.testng.TestNG.run(TestNG.java:1037)
at org.apache.maven.surefire.testng.TestNGExecutor.run(TestNGExecutor.java:135)
at org.apache.maven.surefire.testng.TestNGDirectoryTestSuite.executeMulti(TestNGDirectoryTestSuite.java:193)
at org.apache.maven.surefire.testng.TestNGDirectoryTestSuite.execute(TestNGDirectoryTestSuite.java:94)
at org.apache.maven.surefire.testng.TestNGProvider.invoke(TestNGProvider.java:146)
at org.apache.maven.surefire.booter.ForkedBooter.invokeProviderInSameClassLoader(ForkedBooter.java:384)
at org.apache.maven.surefire.booter.ForkedBooter.runSuitesInProcess(ForkedBooter.java:345)
at org.apache.maven.surefire.booter.ForkedBooter.execute(ForkedBooter.java:126)
at org.apache.maven.surefire.booter.ForkedBooter.main(ForkedBooter.java:418)
Caused by: java.lang.NegativeArraySizeException: -1
at Utilities.Utilities.getData(Utilities.java:44)
at java.base/jdk.internal.reflect.NativeMethodAccessorImpl.invoke0(Native Method)
at java.base/jdk.internal.reflect.NativeMethodAccessorImpl.invoke(NativeMethodAccessorImpl.java:62)
at java.base/jdk.internal.reflect.DelegatingMethodAccessorImpl.invoke(DelegatingMethodAccessorImpl.java:43)
at java.base/java.lang.reflect.Method.invoke(Method.java:564)
at org.testng.internal.MethodInvocationHelper.invokeMethod(MethodInvocationHelper.java:132)
at org.testng.internal.MethodInvocationHelper.invokeMethod(MethodInvocationHelper.java:76)
at org.testng.internal.MethodInvocationHelper.invokeMethodNoCheckedException(MethodInvocationHelper.java:45)
... 30 more
]]>
            </full-stacktrace>
          </exception> <!-- java.lang.RuntimeException -->
          <reporter-output>
          </reporter-output>
        </test-method> <!-- loginPageTest -->
      </class> <!-- TestCases.LoginPageTest -->
      <class name="TestCases.ContactsPageTest">
        <test-method is-config="true" signature="setUp()[pri:0, instance:TestCases.ContactsPageTest@6dab9b6d]" started-at="2021-04-21T22:51:32 IST" name="setUp" finished-at="2021-04-21T22:51:33 IST" duration-ms="892" status="PASS">
          <reporter-output>
          </reporter-output>
        </test-method> <!-- setUp -->
        <test-method signature="contactsPageTest(java.util.Hashtable)[pri:1, instance:TestCases.ContactsPageTest@6dab9b6d]" started-at="2021-04-21T22:51:33 IST" name="contactsPageTest" data-provider="dp" finished-at="2021-04-21T22:52:14 IST" duration-ms="40904" status="PASS">
          <params>
            <param index="0">
              <value>
                <![CDATA[{RowNum=2, Description=Valid First and Last Name, Actual Result=, Result=, First Name=Vaibhav , Expected Result=Vaibhav Hatge, Social=Facebook, UserName=hatgevaibhav69@gmail.com, Password=Joker@007, rowNum=2, TC No.=1.0, Last Name=Hatge}]]>
              </value>
            </param>
          </params>
          <reporter-output>
          </reporter-output>
        </test-method> <!-- contactsPageTest -->
        <test-method signature="contactsPageTest(java.util.Hashtable)[pri:1, instance:TestCases.ContactsPageTest@6dab9b6d]" started-at="2021-04-21T22:52:14 IST" name="contactsPageTest" data-provider="dp" finished-at="2021-04-21T22:53:20 IST" duration-ms="66222" status="PASS">
          <params>
            <param index="0">
              <value>
                <![CDATA[{RowNum=3, Description=First Name is blank, Actual Result=, Result=, First Name=, Expected Result=The field First Name is required, Social=Twitter, UserName=hatgevaibhav69@gmail.com, Password=Joker@007, rowNum=3, TC No.=2.0, Last Name=Kolambakar}]]>
              </value>
            </param>
          </params>
          <reporter-output>
          </reporter-output>
        </test-method> <!-- contactsPageTest -->
        <test-method signature="contactsPageTest(java.util.Hashtable)[pri:1, instance:TestCases.ContactsPageTest@6dab9b6d]" started-at="2021-04-21T22:53:20 IST" name="contactsPageTest" data-provider="dp" finished-at="2021-04-21T22:55:00 IST" duration-ms="99725" status="PASS">
          <params>
            <param index="0">
              <value>
                <![CDATA[{RowNum=4, Description=Last name is blank, Actual Result=, Result=, First Name=Ankita, Expected Result=The field Last Name is required, Social=LinkedIn, UserName=hatgevaibhav69@gmail.com, Password=Joker@007, rowNum=4, TC No.=3.0, Last Name=}]]>
              </value>
            </param>
          </params>
          <reporter-output>
          </reporter-output>
        </test-method> <!-- contactsPageTest -->
      </class> <!-- TestCases.ContactsPageTest -->
    </test> <!-- Surefire test -->
  </suite> <!-- Surefire suite -->
</testng-results>
